0 info it worked if it ends with ok
1 verbose cli [ '/usr/local/bin/node', '/usr/local/bin/npm', 'start' ]
2 info using npm@3.10.10
3 info using node@v8.11.3
4 verbose run-script [ 'prestart', 'start', 'poststart' ]
5 info lifecycle fabric-api@1.0.0~prestart: fabric-api@1.0.0
6 silly lifecycle fabric-api@1.0.0~prestart: no script for prestart, continuing
7 info lifecycle fabric-api@1.0.0~start: fabric-api@1.0.0
8 verbose lifecycle fabric-api@1.0.0~start: unsafe-perm in lifecycle true
9 verbose lifecycle fabric-api@1.0.0~start: PATH: /usr/local/lib/node_modules/npm/bin/node-gyp-bin:/Users/hub/work/ERC20_fullstack/nodejs-server-server/node_modules/.bin:/Users/hub/.opam/system/bin:/Users/hub/Library/Android/sdk/emulator:/usr/local/bin:/Users/hub/fabric-samples/bin:/usr/local/Cellar/node/10.5.0_1/bin/:/Library/Frameworks/Python.framework/Versions/3.6/bin:/usr/local/bin:/usr/bin:/bin:/usr/sbin:/sbin:/opt/X11/bin:/usr/local/go/bin:/Users/hub/Library/Android/sdk/tools:/Users/hub/Library/Android/sdk/tools/bin:/Users/hub/Library/Android/sdk/platform-tools:/usr/local/opt/go/libexec/bin/
10 verbose lifecycle fabric-api@1.0.0~start: CWD: /Users/hub/work/ERC20_fullstack/nodejs-server-server
11 silly lifecycle fabric-api@1.0.0~start: Args: [ '-c', 'node index.js' ]
12 silly lifecycle fabric-api@1.0.0~start: Returned: code: 1  signal: null
13 info lifecycle fabric-api@1.0.0~start: Failed to exec start script
14 verbose stack Error: fabric-api@1.0.0 start: `node index.js`
14 verbose stack Exit status 1
14 verbose stack     at EventEmitter.<anonymous> (/usr/local/lib/node_modules/npm/lib/utils/lifecycle.js:255:16)
14 verbose stack     at emitTwo (events.js:126:13)
14 verbose stack     at EventEmitter.emit (events.js:214:7)
14 verbose stack     at ChildProcess.<anonymous> (/usr/local/lib/node_modules/npm/lib/utils/spawn.js:40:14)
14 verbose stack     at emitTwo (events.js:126:13)
14 verbose stack     at ChildProcess.emit (events.js:214:7)
14 verbose stack     at maybeClose (internal/child_process.js:925:16)
14 verbose stack     at Process.ChildProcess._handle.onexit (internal/child_process.js:209:5)
15 verbose pkgid fabric-api@1.0.0
16 verbose cwd /Users/hub/work/ERC20_fullstack/nodejs-server-server
17 error Darwin 16.7.0
18 error argv "/usr/local/bin/node" "/usr/local/bin/npm" "start"
19 error node v8.11.3
20 error npm  v3.10.10
21 error code ELIFECYCLE
22 error fabric-api@1.0.0 start: `node index.js`
22 error Exit status 1
23 error Failed at the fabric-api@1.0.0 start script 'node index.js'.
23 error Make sure you have the latest version of node.js and npm installed.
23 error If you do, this is most likely a problem with the fabric-api package,
23 error not with npm itself.
23 error Tell the author that this fails on your system:
23 error     node index.js
23 error You can get information on how to open an issue for this project with:
23 error     npm bugs fabric-api
23 error Or if that isn't available, you can get their info via:
23 error     npm owner ls fabric-api
23 error There is likely additional logging output above.
24 verbose exit [ 1, true ]
